[INFO] Scanning for projects...
[WARNING] 
[WARNING] Some problems were encountered while building the effective model for com.example:springboot02:jar:0.0.1-SNAPSHOT
[WARNING] 'dependencies.dependency.(groupId:artifactId:type:classifier)' must be unique: org.springframework.boot:spring-boot-devtools:jar -> duplicate declaration of version (?) @ line 115, column 15
[WARNING] 
[WARNING] It is highly recommended to fix these problems because they threaten the stability of your build.
[WARNING] 
[WARNING] For this reason, future Maven versions might no longer support building such malformed projects.
[WARNING] 
[INFO] 
[INFO] ----------------------< com.example:springboot02 >----------------------
[INFO] Building springboot02 0.0.1-SNAPSHOT
[INFO] --------------------------------[ jar ]---------------------------------
[INFO] 
[INFO] --- maven-resources-plugin:3.1.0:resources (default-resources) @ springboot02 ---
[INFO] Using 'UTF-8' encoding to copy filtered resources.
[INFO] Copying 6 resources
[INFO] 
[INFO] --- maven-compiler-plugin:3.8.1:compile (default-compile) @ springboot02 ---
[INFO] Nothing to compile - all classes are up to date
[INFO] 
[INFO] --- maven-resources-plugin:3.1.0:testResources (default-testResources) @ springboot02 ---
[INFO] Using 'UTF-8' encoding to copy filtered resources.
[INFO] skip non existing resourceDirectory C:\Users\wgiraldo\Google Drive\AdisoftSource\springboot02\src\test\resources
[INFO] 
[INFO] --- maven-compiler-plugin:3.8.1:testCompile (default-testCompile) @ springboot02 ---
[INFO] Changes detected - recompiling the module!
[INFO] Compiling 5 source files to C:\Users\wgiraldo\Google Drive\AdisoftSource\springboot02\target\test-classes
[INFO] 
[INFO] --- maven-surefire-plugin:2.22.2:test (default-test) @ springboot02 ---
[INFO] 
[INFO] -------------------------------------------------------
[INFO]  T E S T S
[INFO] -------------------------------------------------------
[INFO] Running com.example.springboot02.ContactoApiTest
18:53:16.485 [main] DEBUG org.springframework.test.context.junit4.SpringJUnit4ClassRunner - SpringJUnit4ClassRunner constructor called with [class com.example.springboot02.ContactoApiTest]
18:53:16.491 [main] DEBUG org.springframework.test.context.BootstrapUtils - Instantiating CacheAwareContextLoaderDelegate from class [org.springframework.test.context.cache.DefaultCacheAwareContextLoaderDelegate]
18:53:16.500 [main] DEBUG org.springframework.test.context.BootstrapUtils - Instantiating BootstrapContext using constructor [public org.springframework.test.context.support.DefaultBootstrapContext(java.lang.Class,org.springframework.test.context.CacheAwareContextLoaderDelegate)]
18:53:16.518 [main] DEBUG org.springframework.test.context.BootstrapUtils - Instantiating TestContextBootstrapper for test class [com.example.springboot02.ContactoApiTest] from class [org.springframework.boot.test.context.SpringBootTestContextBootstrapper]
18:53:16.537 [main] DEBUG org.springframework.test.context.support.AbstractContextLoader - Did not detect default resource location for test class [com.example.springboot02.ContactoApiTest]: class path resource [com/example/springboot02/ContactoApiTest-context.xml] does not exist
18:53:16.538 [main] DEBUG org.springframework.test.context.support.AbstractContextLoader - Did not detect default resource location for test class [com.example.springboot02.ContactoApiTest]: class path resource [com/example/springboot02/ContactoApiTestContext.groovy] does not exist
18:53:16.538 [main] INFO org.springframework.test.context.support.AbstractContextLoader - Could not detect default resource locations for test class [com.example.springboot02.ContactoApiTest]: no resource found for suffixes {-context.xml, Context.groovy}.
18:53:16.603 [main] DEBUG org.springframework.test.context.support.ActiveProfilesUtils - Could not find an 'annotation declaring class' for annotation type [org.springframework.test.context.ActiveProfiles] and class [com.example.springboot02.ContactoApiTest]
18:53:16.736 [main] DEBUG org.springframework.boot.test.context.SpringBootTestContextBootstrapper - @TestExecutionListeners is not present for class [com.example.springboot02.ContactoApiTest]: using defaults.
18:53:16.737 [main] INFO org.springframework.boot.test.context.SpringBootTestContextBootstrapper - Loaded default TestExecutionListener class names from location [META-INF/spring.factories]: [org.springframework.boot.test.mock.mockito.MockitoTestExecutionListener, org.springframework.boot.test.mock.mockito.ResetMocksTestExecutionListener, org.springframework.boot.test.autoconfigure.restdocs.RestDocsTestExecutionListener, org.springframework.boot.test.autoconfigure.web.client.MockRestServiceServerResetTestExecutionListener, org.springframework.boot.test.autoconfigure.web.servlet.MockMvcPrintOnlyOnFailureTestExecutionListener, org.springframework.boot.test.autoconfigure.web.servlet.WebDriverTestExecutionListener, org.springframework.test.context.web.ServletTestExecutionListener, org.springframework.test.context.support.DirtiesContextBeforeModesTestExecutionListener, org.springframework.test.context.support.DependencyInjectionTestExecutionListener, org.springframework.test.context.support.DirtiesContextTestExecutionListener, org.springframework.test.context.transaction.TransactionalTestExecutionListener, org.springframework.test.context.jdbc.SqlScriptsTestExecutionListener]
18:53:16.753 [main] INFO org.springframework.boot.test.context.SpringBootTestContextBootstrapper - Using TestExecutionListeners: [org.springframework.test.context.web.ServletTestExecutionListener@740cae06, org.springframework.test.context.support.DirtiesContextBeforeModesTestExecutionListener@26d9b808, org.springframework.boot.test.mock.mockito.MockitoTestExecutionListener@f78a47e, org.springframework.boot.test.autoconfigure.SpringBootDependencyInjectionTestExecutionListener@644baf4a, org.springframework.test.context.support.DirtiesContextTestExecutionListener@7526515b, org.springframework.test.context.transaction.TransactionalTestExecutionListener@1ed4ae0f, org.springframework.test.context.jdbc.SqlScriptsTestExecutionListener@54c5a2ff, org.springframework.boot.test.mock.mockito.ResetMocksTestExecutionListener@6d4d66d2, org.springframework.boot.test.autoconfigure.restdocs.RestDocsTestExecutionListener@2a265ea9, org.springframework.boot.test.autoconfigure.web.client.MockRestServiceServerResetTestExecutionListener@11392934, org.springframework.boot.test.autoconfigure.web.servlet.MockMvcPrintOnlyOnFailureTestExecutionListener@6892b3b6, org.springframework.boot.test.autoconfigure.web.servlet.WebDriverTestExecutionListener@6e6f2380]
18:53:16.755 [main] DEBUG org.springframework.test.annotation.ProfileValueUtils - Retrieved @ProfileValueSourceConfiguration [null] for test class [com.example.springboot02.ContactoApiTest]
18:53:16.755 [main] DEBUG org.springframework.test.annotation.ProfileValueUtils - Retrieved ProfileValueSource type [class org.springframework.test.annotation.SystemProfileValueSource] for class [com.example.springboot02.ContactoApiTest]
18:53:16.756 [main] DEBUG org.springframework.test.annotation.ProfileValueUtils - Retrieved @ProfileValueSourceConfiguration [null] for test class [com.example.springboot02.ContactoApiTest]
18:53:16.756 [main] DEBUG org.springframework.test.annotation.ProfileValueUtils - Retrieved ProfileValueSource type [class org.springframework.test.annotation.SystemProfileValueSource] for class [com.example.springboot02.ContactoApiTest]
18:53:16.757 [main] DEBUG org.springframework.test.annotation.ProfileValueUtils - Retrieved @ProfileValueSourceConfiguration [null] for test class [com.example.springboot02.ContactoApiTest]
18:53:16.757 [main] DEBUG org.springframework.test.annotation.ProfileValueUtils - Retrieved ProfileValueSource type [class org.springframework.test.annotation.SystemProfileValueSource] for class [com.example.springboot02.ContactoApiTest]
18:53:16.760 [main] DEBUG org.springframework.test.context.support.AbstractDirtiesContextTestExecutionListener - Before test class: context [DefaultTestContext@548d708a testClass = ContactoApiTest, testInstance = [null], testMethod = [null], testException = [null], mergedContextConfiguration = [WebMergedContextConfiguration@4b013c76 testClass = ContactoApiTest, locations = '{}', classes = '{class com.example.springboot02.SpringBoot02Application}', contextInitializerClasses = '[]', activeProfiles = '{}', propertySourceLocations = '{}', propertySourceProperties = '{org.springframework.boot.test.context.SpringBootTestContextBootstrapper=true}', contextCustomizers = set[org.springframework.boot.test.context.filter.ExcludeFilterContextCustomizer@7ed7259e, org.springframework.boot.test.json.DuplicateJsonObjectContextCustomizerFactory$DuplicateJsonObjectContextCustomizer@647e447, org.springframework.boot.test.mock.mockito.MockitoContextCustomizer@0, org.springframework.boot.test.web.client.TestRestTemplateContextCustomizer@6eda5c9, org.springframework.boot.test.autoconfigure.properties.PropertyMappingContextCustomizer@0, org.springframework.boot.test.autoconfigure.web.servlet.WebDriverContextCustomizerFactory$Customizer@8dbdac1], resourceBasePath = 'src/main/webapp', contextLoader = 'org.springframework.boot.test.context.SpringBootContextLoader', parent = [null]], attributes = map['org.springframework.test.context.web.ServletTestExecutionListener.activateListener' -> false]], class annotated with @DirtiesContext [false] with mode [null].
18:53:16.761 [main] DEBUG org.springframework.test.annotation.ProfileValueUtils - Retrieved @ProfileValueSourceConfiguration [null] for test class [com.example.springboot02.ContactoApiTest]
18:53:16.761 [main] DEBUG org.springframework.test.annotation.ProfileValueUtils - Retrieved ProfileValueSource type [class org.springframework.test.annotation.SystemProfileValueSource] for class [com.example.springboot02.ContactoApiTest]
18:53:16.769 [main] DEBUG org.springframework.test.context.support.DependencyInjectionTestExecutionListener - Performing dependency injection for test context [[DefaultTestContext@548d708a testClass = ContactoApiTest, testInstance = com.example.springboot02.ContactoApiTest@33bc72d1, testMethod = [null], testException = [null], mergedContextConfiguration = [WebMergedContextConfiguration@4b013c76 testClass = ContactoApiTest, locations = '{}', classes = '{class com.example.springboot02.SpringBoot02Application}', contextInitializerClasses = '[]', activeProfiles = '{}', propertySourceLocations = '{}', propertySourceProperties = '{org.springframework.boot.test.context.SpringBootTestContextBootstrapper=true}', contextCustomizers = set[org.springframework.boot.test.context.filter.ExcludeFilterContextCustomizer@7ed7259e, org.springframework.boot.test.json.DuplicateJsonObjectContextCustomizerFactory$DuplicateJsonObjectContextCustomizer@647e447, org.springframework.boot.test.mock.mockito.MockitoContextCustomizer@0, org.springframework.boot.test.web.client.TestRestTemplateContextCustomizer@6eda5c9, org.springframework.boot.test.autoconfigure.properties.PropertyMappingContextCustomizer@0, org.springframework.boot.test.autoconfigure.web.servlet.WebDriverContextCustomizerFactory$Customizer@8dbdac1], resourceBasePath = 'src/main/webapp', contextLoader = 'org.springframework.boot.test.context.SpringBootContextLoader', parent = [null]], attributes = map['org.springframework.test.context.web.ServletTestExecutionListener.activateListener' -> false]]].
18:53:16.810 [main] DEBUG org.springframework.test.context.support.TestPropertySourceUtils - Adding inlined properties to environment: {spring.jmx.enabled=false, org.springframework.boot.test.context.SpringBootTestContextBootstrapper=true}

  .   ____          _            __ _ _
 /\\ / ___'_ __ _ _(_)_ __  __ _ \ \ \ \
( ( )\___ | '_ | '_| | '_ \/ _` | \ \ \ \
 \\/  ___)| |_)| | | | | || (_| |  ) ) ) )
  '  |____| .__|_| |_|_| |_\__, | / / / /
 =========|_|==============|___/=/_/_/_/
 :: Spring Boot ::        (v2.1.6.RELEASE)

2019-09-16 18:53:17.152  INFO 14672 --- [           main] c.example.springboot02.ContactoApiTest   : Starting ContactoApiTest on DESA_2001_179 with PID 14672 (started by wgiraldo in C:\Users\wgiraldo\Google Drive\AdisoftSource\springboot02)
2019-09-16 18:53:17.153  INFO 14672 --- [           main] c.example.springboot02.ContactoApiTest   : No active profile set, falling back to default profiles: default
2019-09-16 18:53:18.261  INFO 14672 --- [           main] .s.d.r.c.RepositoryConfigurationDelegate : Bootstrapping Spring Data repositories in DEFAULT mode.
2019-09-16 18:53:18.375  INFO 14672 --- [           main] .s.d.r.c.RepositoryConfigurationDelegate : Finished Spring Data repository scanning in 106ms. Found 4 repository interfaces.
2019-09-16 18:53:19.254  INFO 14672 --- [           main] trationDelegate$BeanPostProcessorChecker : Bean 'org.springframework.transaction.annotation.ProxyTransactionManagementConfiguration' of type [org.springframework.transaction.annotation.ProxyTransactionManagementConfiguration$$EnhancerBySpringCGLIB$$3e65758c] is not eligible for getting processed by all BeanPostProcessors (for example: not eligible for auto-proxying)
2019-09-16 18:53:19.319  INFO 14672 --- [           main] trationDelegate$BeanPostProcessorChecker : Bean 'org.springframework.security.config.annotation.configuration.ObjectPostProcessorConfiguration' of type [org.springframework.security.config.annotation.configuration.ObjectPostProcessorConfiguration$$EnhancerBySpringCGLIB$$d7133dc6] is not eligible for getting processed by all BeanPostProcessors (for example: not eligible for auto-proxying)
2019-09-16 18:53:19.330  INFO 14672 --- [           main] trationDelegate$BeanPostProcessorChecker : Bean 'objectPostProcessor' of type [org.springframework.security.config.annotation.configuration.AutowireBeanFactoryObjectPostProcessor] is not eligible for getting processed by all BeanPostProcessors (for example: not eligible for auto-proxying)
2019-09-16 18:53:19.332  INFO 14672 --- [           main] trationDelegate$BeanPostProcessorChecker : Bean 'org.springframework.security.access.expression.method.DefaultMethodSecurityExpressionHandler@77bbadc' of type [org.springframework.security.access.expression.method.DefaultMethodSecurityExpressionHandler] is not eligible for getting processed by all BeanPostProcessors (for example: not eligible for auto-proxying)
2019-09-16 18:53:19.347  INFO 14672 --- [           main] trationDelegate$BeanPostProcessorChecker : Bean 'org.springframework.security.config.annotation.method.configuration.GlobalMethodSecurityConfiguration' of type [org.springframework.security.config.annotation.method.configuration.GlobalMethodSecurityConfiguration$$EnhancerBySpringCGLIB$$fbe7e078] is not eligible for getting processed by all BeanPostProcessors (for example: not eligible for auto-proxying)
2019-09-16 18:53:19.358  INFO 14672 --- [           main] trationDelegate$BeanPostProcessorChecker : Bean 'methodSecurityMetadataSource' of type [org.springframework.security.access.method.DelegatingMethodSecurityMetadataSource] is not eligible for getting processed by all BeanPostProcessors (for example: not eligible for auto-proxying)
2019-09-16 18:53:20.111  INFO 14672 --- [           main] o.s.b.w.embedded.tomcat.TomcatWebServer  : Tomcat initialized with port(s): 9090 (http)
2019-09-16 18:53:20.140  INFO 14672 --- [           main] o.apache.catalina.core.StandardService   : Starting service [Tomcat]
2019-09-16 18:53:20.141  INFO 14672 --- [           main] org.apache.catalina.core.StandardEngine  : Starting Servlet engine: [Apache Tomcat/9.0.21]
2019-09-16 18:53:20.935  INFO 14672 --- [           main] o.a.c.c.C.[Tomcat].[localhost].[/]       : Initializing Spring embedded WebApplicationContext
2019-09-16 18:53:20.936  INFO 14672 --- [           main] o.s.web.context.ContextLoader            : Root WebApplicationContext: initialization completed in 3756 ms
2019-09-16 18:53:21.427  INFO 14672 --- [           main] com.zaxxer.hikari.HikariDataSource       : HikariPool-1 - Starting...
2019-09-16 18:53:21.602  INFO 14672 --- [           main] com.zaxxer.hikari.HikariDataSource       : HikariPool-1 - Start completed.
2019-09-16 18:53:21.686  INFO 14672 --- [           main] o.hibernate.jpa.internal.util.LogHelper  : HHH000204: Processing PersistenceUnitInfo [
	name: default
	...]
2019-09-16 18:53:21.793  INFO 14672 --- [           main] org.hibernate.Version                    : HHH000412: Hibernate Core {5.3.10.Final}
2019-09-16 18:53:21.794  INFO 14672 --- [           main] org.hibernate.cfg.Environment            : HHH000206: hibernate.properties not found
2019-09-16 18:53:22.065  INFO 14672 --- [           main] o.hibernate.annotations.common.Version   : HCANN000001: Hibernate Commons Annotations {5.0.4.Final}
2019-09-16 18:53:22.277  INFO 14672 --- [           main] org.hibernate.dialect.Dialect            : HHH000400: Using dialect: org.hibernate.dialect.PostgreSQLDialect
2019-09-16 18:53:22.500  INFO 14672 --- [           main] o.h.e.j.e.i.LobCreatorBuilderImpl        : HHH000421: Disabling contextual LOB creation as hibernate.jdbc.lob.non_contextual_creation is true
2019-09-16 18:53:22.505  INFO 14672 --- [           main] org.hibernate.type.BasicTypeRegistry     : HHH000270: Type registration [java.util.UUID] overrides previous : org.hibernate.type.UUIDBinaryType@20fcea37
2019-09-16 18:53:23.382  INFO 14672 --- [           main] j.LocalContainerEntityManagerFactoryBean : Initialized JPA EntityManagerFactory for persistence unit 'default'
2019-09-16 18:53:23.805  INFO 14672 --- [           main] o.h.h.i.QueryTranslatorFactoryInitiator  : HHH000397: Using ASTQueryTranslatorFactory
2019-09-16 18:53:25.119  INFO 14672 --- [           main] o.s.s.web.DefaultSecurityFilterChain     : Creating filter chain: any request, [org.springframework.security.web.context.request.async.WebAsyncManagerIntegrationFilter@26c1244c, org.springframework.security.web.context.SecurityContextPersistenceFilter@367fbb28, org.springframework.security.web.header.HeaderWriterFilter@1e4b70c6, org.springframework.web.filter.CorsFilter@e76134d, org.springframework.security.web.authentication.logout.LogoutFilter@128ca7af, com.example.security.JwtAuthenticationFilter@2a317af7, com.example.security.JwtAuthorizationFilter@7b38db21, org.springframework.security.web.savedrequest.RequestCacheAwareFilter@c931728, org.springframework.security.web.servletapi.SecurityContextHolderAwareRequestFilter@79982bcc, org.springframework.security.web.authentication.AnonymousAuthenticationFilter@54f4734e, org.springframework.security.web.session.SessionManagementFilter@48301bfe, org.springframework.security.web.access.ExceptionTranslationFilter@6792f2c6, org.springframework.security.web.access.intercept.FilterSecurityInterceptor@5e8e02a3]
2019-09-16 18:53:25.799  INFO 14672 --- [           main] o.s.s.concurrent.ThreadPoolTaskExecutor  : Initializing ExecutorService 'applicationTaskExecutor'
2019-09-16 18:53:25.877  WARN 14672 --- [           main] aWebConfiguration$JpaWebMvcConfiguration : spring.jpa.open-in-view is enabled by default. Therefore, database queries may be performed during view rendering. Explicitly configure spring.jpa.open-in-view to disable this warning
2019-09-16 18:53:26.876  INFO 14672 --- [           main] o.s.b.w.embedded.tomcat.TomcatWebServer  : Tomcat started on port(s): 9090 (http) with context path ''
2019-09-16 18:53:26.878  INFO 14672 --- [           main] c.example.springboot02.ContactoApiTest   : Started ContactoApiTest in 10.066 seconds (JVM running for 10.884)
2019-09-16 18:53:27.381  INFO 14672 --- [nio-9090-exec-2] o.a.c.c.C.[Tomcat].[localhost].[/]       : Initializing Spring DispatcherServlet 'dispatcherServlet'
2019-09-16 18:53:27.381  INFO 14672 --- [nio-9090-exec-2] o.s.web.servlet.DispatcherServlet        : Initializing Servlet 'dispatcherServlet'
2019-09-16 18:53:27.411  INFO 14672 --- [nio-9090-exec-2] o.s.web.servlet.DispatcherServlet        : Completed initialization in 30 ms
Hibernate: select contacto0_.id as col_0_0_, contacto0_.documento as col_1_0_, contacto0_.firstName as col_2_0_, contacto0_.lastName as col_3_0_ from public.Contacto contacto0_ where 1=1
Hibernate: select contacto0_.id as col_0_0_, contacto0_.documento as col_1_0_, contacto0_.firstName as col_2_0_, contacto0_.lastName as col_3_0_ from public.Contacto contacto0_ where 1=1
Hibernate: select contacto0_.id as id1_0_, contacto0_.documento as document2_0_, contacto0_.firstName as firstNam3_0_, contacto0_.lastName as lastName4_0_ from public.Contacto contacto0_
Hibernate: select contacto0_.id as id1_0_0_, contacto0_.documento as document2_0_0_, contacto0_.firstName as firstNam3_0_0_, contacto0_.lastName as lastName4_0_0_ from public.Contacto contacto0_ where contacto0_.id=?
Hibernate: insert into public.Contacto (documento, firstName, lastName) values (?, ?, ?)
Hibernate: select contacto0_.id as col_0_0_, contacto0_.documento as col_1_0_, contacto0_.firstName as col_2_0_, contacto0_.lastName as col_3_0_ from public.Contacto contacto0_ where 1=1 and contacto0_.id=?
Hibernate: select contacto0_.id as id1_0_, contacto0_.documento as document2_0_, contacto0_.firstName as firstNam3_0_, contacto0_.lastName as lastName4_0_ from public.Contacto contacto0_
[INFO] Tests run: 3, Failures: 0, Errors: 0, Skipped: 0, Time elapsed: 11.419 s - in com.example.springboot02.ContactoApiTest
[INFO] Running com.example.springboot02.PerfilApiTest
2019-09-16 18:53:27.746  INFO 14672 --- [           main] o.s.t.c.support.AbstractContextLoader    : Could not detect default resource locations for test class [com.example.springboot02.PerfilApiTest]: no resource found for suffixes {-context.xml, Context.groovy}.
2019-09-16 18:53:27.748  INFO 14672 --- [           main] .b.t.c.SpringBootTestContextBootstrapper : Loaded default TestExecutionListener class names from location [META-INF/spring.factories]: [org.springframework.boot.test.mock.mockito.MockitoTestExecutionListener, org.springframework.boot.test.mock.mockito.ResetMocksTestExecutionListener, org.springframework.boot.test.autoconfigure.restdocs.RestDocsTestExecutionListener, org.springframework.boot.test.autoconfigure.web.client.MockRestServiceServerResetTestExecutionListener, org.springframework.boot.test.autoconfigure.web.servlet.MockMvcPrintOnlyOnFailureTestExecutionListener, org.springframework.boot.test.autoconfigure.web.servlet.WebDriverTestExecutionListener, org.springframework.test.context.web.ServletTestExecutionListener, org.springframework.test.context.support.DirtiesContextBeforeModesTestExecutionListener, org.springframework.test.context.support.DependencyInjectionTestExecutionListener, org.springframework.test.context.support.DirtiesContextTestExecutionListener, org.springframework.test.context.transaction.TransactionalTestExecutionListener, org.springframework.test.context.jdbc.SqlScriptsTestExecutionListener]
2019-09-16 18:53:27.748  INFO 14672 --- [           main] .b.t.c.SpringBootTestContextBootstrapper : Using TestExecutionListeners: [org.springframework.test.context.web.ServletTestExecutionListener@130bd00e, org.springframework.test.context.support.DirtiesContextBeforeModesTestExecutionListener@4eb69e8d, org.springframework.boot.test.mock.mockito.MockitoTestExecutionListener@78fd1179, org.springframework.boot.test.autoconfigure.SpringBootDependencyInjectionTestExecutionListener@13cec4ff, org.springframework.test.context.support.DirtiesContextTestExecutionListener@5e08ed28, org.springframework.test.context.transaction.TransactionalTestExecutionListener@24b05292, org.springframework.test.context.jdbc.SqlScriptsTestExecutionListener@34d6e9a4, org.springframework.boot.test.mock.mockito.ResetMocksTestExecutionListener@515a2afd, org.springframework.boot.test.autoconfigure.restdocs.RestDocsTestExecutionListener@4822fc53, org.springframework.boot.test.autoconfigure.web.client.MockRestServiceServerResetTestExecutionListener@6e200307, org.springframework.boot.test.autoconfigure.web.servlet.MockMvcPrintOnlyOnFailureTestExecutionListener@6db84cae, org.springframework.boot.test.autoconfigure.web.servlet.WebDriverTestExecutionListener@6db59e26]
Hibernate: select segu_perfi0_.idPerfil as col_0_0_, segu_perfi0_.glosa as col_1_0_ from public.segu_perfil segu_perfi0_ where 1=1
Hibernate: select segu_perfi0_.idPerfil as idPerfil1_2_, segu_perfi0_.activo as activo2_2_, segu_perfi0_.createdon as createdo3_2_, segu_perfi0_.createdby as createdb4_2_, segu_perfi0_.editedby as editedby5_2_, segu_perfi0_.editedon as editedon6_2_, segu_perfi0_.glosa as glosa7_2_ from public.segu_perfil segu_perfi0_
Hibernate: select segu_usuar0_.idUsuario as idUsuari1_3_0_, segu_usuar0_.activo as activo2_3_0_, segu_usuar0_.createdon as createdo3_3_0_, segu_usuar0_.createdby as createdb4_3_0_, segu_usuar0_.editedby as editedby5_3_0_, segu_usuar0_.editedon as editedon6_3_0_, segu_usuar0_.password as password7_3_0_, segu_usuar0_.idPerfil as idPerfil9_3_0_, segu_usuar0_.userName as userName8_3_0_ from public.segu_usuario segu_usuar0_ where segu_usuar0_.idPerfil=?
Hibernate: select segu_usuar0_.idUsuario as idUsuari1_3_0_, segu_usuar0_.activo as activo2_3_0_, segu_usuar0_.createdon as createdo3_3_0_, segu_usuar0_.createdby as createdb4_3_0_, segu_usuar0_.editedby as editedby5_3_0_, segu_usuar0_.editedon as editedon6_3_0_, segu_usuar0_.password as password7_3_0_, segu_usuar0_.idPerfil as idPerfil9_3_0_, segu_usuar0_.userName as userName8_3_0_ from public.segu_usuario segu_usuar0_ where segu_usuar0_.idPerfil=?
Hibernate: select segu_usuar0_.idUsuario as idUsuari1_3_0_, segu_usuar0_.activo as activo2_3_0_, segu_usuar0_.createdon as createdo3_3_0_, segu_usuar0_.createdby as createdb4_3_0_, segu_usuar0_.editedby as editedby5_3_0_, segu_usuar0_.editedon as editedon6_3_0_, segu_usuar0_.password as password7_3_0_, segu_usuar0_.idPerfil as idPerfil9_3_0_, segu_usuar0_.userName as userName8_3_0_ from public.segu_usuario segu_usuar0_ where segu_usuar0_.idPerfil=?
Hibernate: select segu_usuar0_.idUsuario as idUsuari1_3_0_, segu_usuar0_.activo as activo2_3_0_, segu_usuar0_.createdon as createdo3_3_0_, segu_usuar0_.createdby as createdb4_3_0_, segu_usuar0_.editedby as editedby5_3_0_, segu_usuar0_.editedon as editedon6_3_0_, segu_usuar0_.password as password7_3_0_, segu_usuar0_.idPerfil as idPerfil9_3_0_, segu_usuar0_.userName as userName8_3_0_ from public.segu_usuario segu_usuar0_ where segu_usuar0_.idPerfil=?
Hibernate: select segu_usuar0_.idUsuario as idUsuari1_3_0_, segu_usuar0_.activo as activo2_3_0_, segu_usuar0_.createdon as createdo3_3_0_, segu_usuar0_.createdby as createdb4_3_0_, segu_usuar0_.editedby as editedby5_3_0_, segu_usuar0_.editedon as editedon6_3_0_, segu_usuar0_.password as password7_3_0_, segu_usuar0_.idPerfil as idPerfil9_3_0_, segu_usuar0_.userName as userName8_3_0_ from public.segu_usuario segu_usuar0_ where segu_usuar0_.idPerfil=?
Hibernate: select segu_usuar0_.idUsuario as idUsuari1_3_0_, segu_usuar0_.activo as activo2_3_0_, segu_usuar0_.createdon as createdo3_3_0_, segu_usuar0_.createdby as createdb4_3_0_, segu_usuar0_.editedby as editedby5_3_0_, segu_usuar0_.editedon as editedon6_3_0_, segu_usuar0_.password as password7_3_0_, segu_usuar0_.idPerfil as idPerfil9_3_0_, segu_usuar0_.userName as userName8_3_0_ from public.segu_usuario segu_usuar0_ where segu_usuar0_.idPerfil=?
Hibernate: select segu_usuar0_.idUsuario as idUsuari1_3_0_, segu_usuar0_.activo as activo2_3_0_, segu_usuar0_.createdon as createdo3_3_0_, segu_usuar0_.createdby as createdb4_3_0_, segu_usuar0_.editedby as editedby5_3_0_, segu_usuar0_.editedon as editedon6_3_0_, segu_usuar0_.password as password7_3_0_, segu_usuar0_.idPerfil as idPerfil9_3_0_, segu_usuar0_.userName as userName8_3_0_ from public.segu_usuario segu_usuar0_ where segu_usuar0_.idPerfil=?
Hibernate: select segu_usuar0_.idUsuario as idUsuari1_3_0_, segu_usuar0_.activo as activo2_3_0_, segu_usuar0_.createdon as createdo3_3_0_, segu_usuar0_.createdby as createdb4_3_0_, segu_usuar0_.editedby as editedby5_3_0_, segu_usuar0_.editedon as editedon6_3_0_, segu_usuar0_.password as password7_3_0_, segu_usuar0_.idPerfil as idPerfil9_3_0_, segu_usuar0_.userName as userName8_3_0_ from public.segu_usuario segu_usuar0_ where segu_usuar0_.idPerfil=?
Hibernate: select segu_usuar0_.idUsuario as idUsuari1_3_0_, segu_usuar0_.activo as activo2_3_0_, segu_usuar0_.createdon as createdo3_3_0_, segu_usuar0_.createdby as createdb4_3_0_, segu_usuar0_.editedby as editedby5_3_0_, segu_usuar0_.editedon as editedon6_3_0_, segu_usuar0_.password as password7_3_0_, segu_usuar0_.idPerfil as idPerfil9_3_0_, segu_usuar0_.userName as userName8_3_0_ from public.segu_usuario segu_usuar0_ where segu_usuar0_.idPerfil=?
Hibernate: insert into public.segu_perfil (activo, createdon, createdby, editedby, editedon, glosa) values (?, ?, ?, ?, ?, ?)
Hibernate: select segu_perfi0_.idPerfil as col_0_0_, segu_perfi0_.glosa as col_1_0_ from public.segu_perfil segu_perfi0_ where 1=1 and segu_perfi0_.idPerfil=?
Hibernate: select segu_perfi0_.idPerfil as col_0_0_, segu_perfi0_.glosa as col_1_0_ from public.segu_perfil segu_perfi0_ where 1=1 and segu_perfi0_.idPerfil=?
Hibernate: select segu_perfi0_.idPerfil as col_0_0_, segu_perfi0_.glosa as col_1_0_ from public.segu_perfil segu_perfi0_ where 1=1
Hibernate: select segu_perfi0_.idPerfil as col_0_0_, segu_perfi0_.glosa as col_1_0_ from public.segu_perfil segu_perfi0_ where 1=1
modified:PerfilDto [id=1, glosa=glosa 1, activo=false]
Hibernate: select segu_perfi0_.idPerfil as idPerfil1_2_, segu_perfi0_.activo as activo2_2_, segu_perfi0_.createdon as createdo3_2_, segu_perfi0_.createdby as createdb4_2_, segu_perfi0_.editedby as editedby5_2_, segu_perfi0_.editedon as editedon6_2_, segu_perfi0_.glosa as glosa7_2_ from public.segu_perfil segu_perfi0_
Hibernate: select segu_usuar0_.idUsuario as idUsuari1_3_0_, segu_usuar0_.activo as activo2_3_0_, segu_usuar0_.createdon as createdo3_3_0_, segu_usuar0_.createdby as createdb4_3_0_, segu_usuar0_.editedby as editedby5_3_0_, segu_usuar0_.editedon as editedon6_3_0_, segu_usuar0_.password as password7_3_0_, segu_usuar0_.idPerfil as idPerfil9_3_0_, segu_usuar0_.userName as userName8_3_0_ from public.segu_usuario segu_usuar0_ where segu_usuar0_.idPerfil=?
Hibernate: select segu_usuar0_.idUsuario as idUsuari1_3_0_, segu_usuar0_.activo as activo2_3_0_, segu_usuar0_.createdon as createdo3_3_0_, segu_usuar0_.createdby as createdb4_3_0_, segu_usuar0_.editedby as editedby5_3_0_, segu_usuar0_.editedon as editedon6_3_0_, segu_usuar0_.password as password7_3_0_, segu_usuar0_.idPerfil as idPerfil9_3_0_, segu_usuar0_.userName as userName8_3_0_ from public.segu_usuario segu_usuar0_ where segu_usuar0_.idPerfil=?
Hibernate: select segu_usuar0_.idUsuario as idUsuari1_3_0_, segu_usuar0_.activo as activo2_3_0_, segu_usuar0_.createdon as createdo3_3_0_, segu_usuar0_.createdby as createdb4_3_0_, segu_usuar0_.editedby as editedby5_3_0_, segu_usuar0_.editedon as editedon6_3_0_, segu_usuar0_.password as password7_3_0_, segu_usuar0_.idPerfil as idPerfil9_3_0_, segu_usuar0_.userName as userName8_3_0_ from public.segu_usuario segu_usuar0_ where segu_usuar0_.idPerfil=?
Hibernate: select segu_usuar0_.idUsuario as idUsuari1_3_0_, segu_usuar0_.activo as activo2_3_0_, segu_usuar0_.createdon as createdo3_3_0_, segu_usuar0_.createdby as createdb4_3_0_, segu_usuar0_.editedby as editedby5_3_0_, segu_usuar0_.editedon as editedon6_3_0_, segu_usuar0_.password as password7_3_0_, segu_usuar0_.idPerfil as idPerfil9_3_0_, segu_usuar0_.userName as userName8_3_0_ from public.segu_usuario segu_usuar0_ where segu_usuar0_.idPerfil=?
Hibernate: select segu_usuar0_.idUsuario as idUsuari1_3_0_, segu_usuar0_.activo as activo2_3_0_, segu_usuar0_.createdon as createdo3_3_0_, segu_usuar0_.createdby as createdb4_3_0_, segu_usuar0_.editedby as editedby5_3_0_, segu_usuar0_.editedon as editedon6_3_0_, segu_usuar0_.password as password7_3_0_, segu_usuar0_.idPerfil as idPerfil9_3_0_, segu_usuar0_.userName as userName8_3_0_ from public.segu_usuario segu_usuar0_ where segu_usuar0_.idPerfil=?
Hibernate: select segu_usuar0_.idUsuario as idUsuari1_3_0_, segu_usuar0_.activo as activo2_3_0_, segu_usuar0_.createdon as createdo3_3_0_, segu_usuar0_.createdby as createdb4_3_0_, segu_usuar0_.editedby as editedby5_3_0_, segu_usuar0_.editedon as editedon6_3_0_, segu_usuar0_.password as password7_3_0_, segu_usuar0_.idPerfil as idPerfil9_3_0_, segu_usuar0_.userName as userName8_3_0_ from public.segu_usuario segu_usuar0_ where segu_usuar0_.idPerfil=?
Hibernate: select segu_usuar0_.idUsuario as idUsuari1_3_0_, segu_usuar0_.activo as activo2_3_0_, segu_usuar0_.createdon as createdo3_3_0_, segu_usuar0_.createdby as createdb4_3_0_, segu_usuar0_.editedby as editedby5_3_0_, segu_usuar0_.editedon as editedon6_3_0_, segu_usuar0_.password as password7_3_0_, segu_usuar0_.idPerfil as idPerfil9_3_0_, segu_usuar0_.userName as userName8_3_0_ from public.segu_usuario segu_usuar0_ where segu_usuar0_.idPerfil=?
Hibernate: select segu_usuar0_.idUsuario as idUsuari1_3_0_, segu_usuar0_.activo as activo2_3_0_, segu_usuar0_.createdon as createdo3_3_0_, segu_usuar0_.createdby as createdb4_3_0_, segu_usuar0_.editedby as editedby5_3_0_, segu_usuar0_.editedon as editedon6_3_0_, segu_usuar0_.password as password7_3_0_, segu_usuar0_.idPerfil as idPerfil9_3_0_, segu_usuar0_.userName as userName8_3_0_ from public.segu_usuario segu_usuar0_ where segu_usuar0_.idPerfil=?
Hibernate: select segu_usuar0_.idUsuario as idUsuari1_3_0_, segu_usuar0_.activo as activo2_3_0_, segu_usuar0_.createdon as createdo3_3_0_, segu_usuar0_.createdby as createdb4_3_0_, segu_usuar0_.editedby as editedby5_3_0_, segu_usuar0_.editedon as editedon6_3_0_, segu_usuar0_.password as password7_3_0_, segu_usuar0_.idPerfil as idPerfil9_3_0_, segu_usuar0_.userName as userName8_3_0_ from public.segu_usuario segu_usuar0_ where segu_usuar0_.idPerfil=?
Hibernate: select segu_usuar0_.idUsuario as idUsuari1_3_0_, segu_usuar0_.activo as activo2_3_0_, segu_usuar0_.createdon as createdo3_3_0_, segu_usuar0_.createdby as createdb4_3_0_, segu_usuar0_.editedby as editedby5_3_0_, segu_usuar0_.editedon as editedon6_3_0_, segu_usuar0_.password as password7_3_0_, segu_usuar0_.idPerfil as idPerfil9_3_0_, segu_usuar0_.userName as userName8_3_0_ from public.segu_usuario segu_usuar0_ where segu_usuar0_.idPerfil=?
Hibernate: update public.segu_perfil set activo=?, createdon=?, createdby=?, editedby=?, editedon=?, glosa=? where idPerfil=?
[ERROR] Tests run: 4, Failures: 1, Errors: 0, Skipped: 0, Time elapsed: 0.065 s <<< FAILURE! - in com.example.springboot02.PerfilApiTest
[ERROR] testUpdate(com.example.springboot02.PerfilApiTest)  Time elapsed: 0.038 s  <<< FAILURE!
java.lang.AssertionError: expected:<200 OK> but was:<404 NOT_FOUND>
	at com.example.springboot02.PerfilApiTest.testUpdate(PerfilApiTest.java:86)

[INFO] Running com.example.springboot02.PersonaApiTest
2019-09-16 18:53:27.948  INFO 14672 --- [           main] o.s.t.c.support.AbstractContextLoader    : Could not detect default resource locations for test class [com.example.springboot02.PersonaApiTest]: no resource found for suffixes {-context.xml, Context.groovy}.
2019-09-16 18:53:27.950  INFO 14672 --- [           main] .b.t.c.SpringBootTestContextBootstrapper : Loaded default TestExecutionListener class names from location [META-INF/spring.factories]: [org.springframework.boot.test.mock.mockito.MockitoTestExecutionListener, org.springframework.boot.test.mock.mockito.ResetMocksTestExecutionListener, org.springframework.boot.test.autoconfigure.restdocs.RestDocsTestExecutionListener, org.springframework.boot.test.autoconfigure.web.client.MockRestServiceServerResetTestExecutionListener, org.springframework.boot.test.autoconfigure.web.servlet.MockMvcPrintOnlyOnFailureTestExecutionListener, org.springframework.boot.test.autoconfigure.web.servlet.WebDriverTestExecutionListener, org.springframework.test.context.web.ServletTestExecutionListener, org.springframework.test.context.support.DirtiesContextBeforeModesTestExecutionListener, org.springframework.test.context.support.DependencyInjectionTestExecutionListener, org.springframework.test.context.support.DirtiesContextTestExecutionListener, org.springframework.test.context.transaction.TransactionalTestExecutionListener, org.springframework.test.context.jdbc.SqlScriptsTestExecutionListener]
2019-09-16 18:53:27.951  INFO 14672 --- [           main] .b.t.c.SpringBootTestContextBootstrapper : Using TestExecutionListeners: [org.springframework.test.context.web.ServletTestExecutionListener@9423344, org.springframework.test.context.support.DirtiesContextBeforeModesTestExecutionListener@73ccdfc1, org.springframework.boot.test.mock.mockito.MockitoTestExecutionListener@18d8da77, org.springframework.boot.test.autoconfigure.SpringBootDependencyInjectionTestExecutionListener@502dc93a, org.springframework.test.context.support.DirtiesContextTestExecutionListener@486d1868, org.springframework.test.context.transaction.TransactionalTestExecutionListener@5d4af473, org.springframework.test.context.jdbc.SqlScriptsTestExecutionListener@31f96cf, org.springframework.boot.test.mock.mockito.ResetMocksTestExecutionListener@3dc5eb8f, org.springframework.boot.test.autoconfigure.restdocs.RestDocsTestExecutionListener@1d4b0a07, org.springframework.boot.test.autoconfigure.web.client.MockRestServiceServerResetTestExecutionListener@17a89cb1, org.springframework.boot.test.autoconfigure.web.servlet.MockMvcPrintOnlyOnFailureTestExecutionListener@68fec965, org.springframework.boot.test.autoconfigure.web.servlet.WebDriverTestExecutionListener@7af5ce66]
Hibernate: select persona0_.id as col_0_0_, persona0_.documento as col_1_0_, persona0_.nombres as col_2_0_, persona0_.apellidos as col_3_0_, persona0_.sexo as col_4_0_, persona0_.email as col_5_0_, persona0_.fechaNacimiento as col_6_0_ from public.Persona persona0_ where 1=1
Hibernate: select persona0_.id as col_0_0_, persona0_.documento as col_1_0_, persona0_.nombres as col_2_0_, persona0_.apellidos as col_3_0_, persona0_.sexo as col_4_0_, persona0_.email as col_5_0_, persona0_.fechaNacimiento as col_6_0_ from public.Persona persona0_ where 1=1
Hibernate: select persona0_.id as id1_1_, persona0_.activo as activo2_1_, persona0_.createdon as createdo3_1_, persona0_.createdby as createdb4_1_, persona0_.editedby as editedby5_1_, persona0_.editedon as editedon6_1_, persona0_.apellidos as apellido7_1_, persona0_.documento as document8_1_, persona0_.email as email9_1_, persona0_.fechaNacimiento as fechaNa10_1_, persona0_.nombres as nombres11_1_, persona0_.sexo as sexo12_1_ from public.Persona persona0_
Hibernate: select persona0_.id as id1_1_0_, persona0_.activo as activo2_1_0_, persona0_.createdon as createdo3_1_0_, persona0_.createdby as createdb4_1_0_, persona0_.editedby as editedby5_1_0_, persona0_.editedon as editedon6_1_0_, persona0_.apellidos as apellido7_1_0_, persona0_.documento as document8_1_0_, persona0_.email as email9_1_0_, persona0_.fechaNacimiento as fechaNa10_1_0_, persona0_.nombres as nombres11_1_0_, persona0_.sexo as sexo12_1_0_ from public.Persona persona0_ where persona0_.id=?
Hibernate: insert into public.Persona (activo, createdon, createdby, editedby, editedon, apellidos, documento, email, fechaNacimiento, nombres, sexo) values (?, ?, ?, ?, ?, ?, ?, ?, ?, ?, ?)
Hibernate: select persona0_.id as col_0_0_, persona0_.documento as col_1_0_, persona0_.nombres as col_2_0_, persona0_.apellidos as col_3_0_, persona0_.sexo as col_4_0_, persona0_.email as col_5_0_, persona0_.fechaNacimiento as col_6_0_ from public.Persona persona0_ where 1=1 and persona0_.id=?
[INFO] Tests run: 3, Failures: 0, Errors: 0, Skipped: 0, Time elapsed: 0.025 s - in com.example.springboot02.PersonaApiTest
[INFO] Running com.example.springboot02.TipoDocumentoApiTest
2019-09-16 18:53:28.054  INFO 14672 --- [           main] o.s.t.c.support.AbstractContextLoader    : Could not detect default resource locations for test class [com.example.springboot02.TipoDocumentoApiTest]: no resource found for suffixes {-context.xml, Context.groovy}.
2019-09-16 18:53:28.056  INFO 14672 --- [           main] .b.t.c.SpringBootTestContextBootstrapper : Loaded default TestExecutionListener class names from location [META-INF/spring.factories]: [org.springframework.boot.test.mock.mockito.MockitoTestExecutionListener, org.springframework.boot.test.mock.mockito.ResetMocksTestExecutionListener, org.springframework.boot.test.autoconfigure.restdocs.RestDocsTestExecutionListener, org.springframework.boot.test.autoconfigure.web.client.MockRestServiceServerResetTestExecutionListener, org.springframework.boot.test.autoconfigure.web.servlet.MockMvcPrintOnlyOnFailureTestExecutionListener, org.springframework.boot.test.autoconfigure.web.servlet.WebDriverTestExecutionListener, org.springframework.test.context.web.ServletTestExecutionListener, org.springframework.test.context.support.DirtiesContextBeforeModesTestExecutionListener, org.springframework.test.context.support.DependencyInjectionTestExecutionListener, org.springframework.test.context.support.DirtiesContextTestExecutionListener, org.springframework.test.context.transaction.TransactionalTestExecutionListener, org.springframework.test.context.jdbc.SqlScriptsTestExecutionListener]
2019-09-16 18:53:28.057  INFO 14672 --- [           main] .b.t.c.SpringBootTestContextBootstrapper : Using TestExecutionListeners: [org.springframework.test.context.web.ServletTestExecutionListener@1aee0f49, org.springframework.test.context.support.DirtiesContextBeforeModesTestExecutionListener@7a80ebcd, org.springframework.boot.test.mock.mockito.MockitoTestExecutionListener@365eaef, org.springframework.boot.test.autoconfigure.SpringBootDependencyInjectionTestExecutionListener@631c6ef4, org.springframework.test.context.support.DirtiesContextTestExecutionListener@9e2b199, org.springframework.test.context.transaction.TransactionalTestExecutionListener@7441edeb, org.springframework.test.context.jdbc.SqlScriptsTestExecutionListener@58df431e, org.springframework.boot.test.mock.mockito.ResetMocksTestExecutionListener@5834fd3f, org.springframework.boot.test.autoconfigure.restdocs.RestDocsTestExecutionListener@4446e1d9, org.springframework.boot.test.autoconfigure.web.client.MockRestServiceServerResetTestExecutionListener@3f13720f, org.springframework.boot.test.autoconfigure.web.servlet.MockMvcPrintOnlyOnFailureTestExecutionListener@1df60140, org.springframework.boot.test.autoconfigure.web.servlet.WebDriverTestExecutionListener@62d4dac4]
Hibernate: select tipodocume0_.id as col_0_0_, tipodocume0_.glosa as col_1_0_ from public.TipoDocumento tipodocume0_ where 1=1
false
Hibernate: select tipodocume0_.id as id1_4_, tipodocume0_.activo as activo2_4_, tipodocume0_.createdon as createdo3_4_, tipodocume0_.createdby as createdb4_4_, tipodocume0_.editedby as editedby5_4_, tipodocume0_.editedon as editedon6_4_, tipodocume0_.glosa as glosa7_4_ from public.TipoDocumento tipodocume0_
false
Hibernate: select tipodocume0_.id as id1_4_0_, tipodocume0_.activo as activo2_4_0_, tipodocume0_.createdon as createdo3_4_0_, tipodocume0_.createdby as createdb4_4_0_, tipodocume0_.editedby as editedby5_4_0_, tipodocume0_.editedon as editedon6_4_0_, tipodocume0_.glosa as glosa7_4_0_ from public.TipoDocumento tipodocume0_ where tipodocume0_.id=?
Hibernate: insert into public.TipoDocumento (activo, createdon, createdby, editedby, editedon, glosa) values (?, ?, ?, ?, ?, ?)
Hibernate: select tipodocume0_.id as col_0_0_, tipodocume0_.glosa as col_1_0_ from public.TipoDocumento tipodocume0_ where 1=1 and tipodocume0_.id=?
Hibernate: select tipodocume0_.id as col_0_0_, tipodocume0_.glosa as col_1_0_ from public.TipoDocumento tipodocume0_ where 1=1 and tipodocume0_.id=?
Hibernate: select tipodocume0_.id as col_0_0_, tipodocume0_.glosa as col_1_0_ from public.TipoDocumento tipodocume0_ where 1=1
[INFO] Tests run: 3, Failures: 0, Errors: 0, Skipped: 0, Time elapsed: 0.018 s - in com.example.springboot02.TipoDocumentoApiTest
2019-09-16 18:53:28.419  INFO 14672 --- [       Thread-4] o.s.s.concurrent.ThreadPoolTaskExecutor  : Shutting down ExecutorService 'applicationTaskExecutor'
2019-09-16 18:53:28.420  INFO 14672 --- [       Thread-4] j.LocalContainerEntityManagerFactoryBean : Closing JPA EntityManagerFactory for persistence unit 'default'
2019-09-16 18:53:28.423  INFO 14672 --- [       Thread-4] com.zaxxer.hikari.HikariDataSource       : HikariPool-1 - Shutdown initiated...
2019-09-16 18:53:28.445  INFO 14672 --- [       Thread-4] com.zaxxer.hikari.HikariDataSource       : HikariPool-1 - Shutdown completed.
[INFO] 
[INFO] Results:
[INFO] 
[ERROR] Failures: 
[ERROR]   PerfilApiTest.testUpdate:86 expected:<200 OK> but was:<404 NOT_FOUND>
[INFO] 
[ERROR] Tests run: 13, Failures: 1, Errors: 0, Skipped: 0
[INFO] 
[INFO] ------------------------------------------------------------------------
[INFO] BUILD FAILURE
[INFO] ------------------------------------------------------------------------
[INFO] Total time:  17.573 s
[INFO] Finished at: 2019-09-16T18:53:29-03:00
[INFO] ------------------------------------------------------------------------
[ERROR] Failed to execute goal org.apache.maven.plugins:maven-surefire-plugin:2.22.2:test (default-test) on project springboot02: There are test failures.
[ERROR] 
[ERROR] Please refer to C:\Users\wgiraldo\Google Drive\AdisoftSource\springboot02\target\surefire-reports for the individual test results.
[ERROR] Please refer to dump files (if any exist) [date].dump, [date]-jvmRun[N].dump and [date].dumpstream.
[ERROR] -> [Help 1]
[ERROR] 
[ERROR] To see the full stack trace of the errors, re-run Maven with the -e switch.
[ERROR] Re-run Maven using the -X switch to enable full debug logging.
[ERROR] 
[ERROR] For more information about the errors and possible solutions, please read the following articles:
[ERROR] [Help 1] http://cwiki.apache.org/confluence/display/MAVEN/MojoFailureException
